


ARM Macro Assembler    Page 1 


    1 00000000 00000400 
                       Stack_Size
                               EQU              0x00000400
    2 00000000         
    3 00000000                 AREA             STACK, NOINIT, READWRITE, ALIGN
=3
    4 00000000         Stack_Mem
                               SPACE            Stack_Size
    5 00000400         __initial_sp
    6 00000400         
    7 00000400         
    8 00000400                 EXPORT           __initial_sp
    9 00000400         
   10 00000400                 END
Command Line: --16 --debug --xref --diag_suppress=9931 --cpu=Cortex-M0+ --apcs=
interwork//ropi --depend=.\objects\header.d -o.\objects\header.o -I"C:\Users\St
uart Alldritt\Documents\GitHub\project-dandelion\devkit\RTE" -IC:\Keil_v5\ARM\P
ACK\ARM\CMSIS\4.3.0\CMSIS\Include -IC:\Keil_v5\ARM\PACK\Keil\STM32L0xx_DFP\1.3.
0\Device\Include --predefine="__UVISION_VERSION SETA 515" --predefine="_RTE_ SE
TA 1" --predefine="STM32L053xx SETA 1" --list=.\listings\header.lst app\src\hea
der.s



ARM Macro Assembler    Page 1 Alphabetic symbol ordering
Relocatable symbols

STACK 00000000

Symbol: STACK
   Definitions
      At line 3 in file app\src\header.s
   Uses
      None
Comment: STACK unused
Stack_Mem 00000000

Symbol: Stack_Mem
   Definitions
      At line 4 in file app\src\header.s
   Uses
      None
Comment: Stack_Mem unused
__initial_sp 00000400

Symbol: __initial_sp
   Definitions
      At line 5 in file app\src\header.s
   Uses
      At line 8 in file app\src\header.s
Comment: __initial_sp used once
3 symbols



ARM Macro Assembler    Page 1 Alphabetic symbol ordering
Absolute symbols

Stack_Size 00000400

Symbol: Stack_Size
   Definitions
      At line 1 in file app\src\header.s
   Uses
      At line 4 in file app\src\header.s
Comment: Stack_Size used once
1 symbol
337 symbols in table
