


ARM Macro Assembler    Page 1 


    1 00000000                 AREA             subrout, CODE, READONLY ; Name 
                                                            this block of code
    2 00000000 4685    launch  MOV              sp, r0      ; Subroutine code
    3 00000002 4708            BX               r1          ; Jump into the app
                                                            lication
    4 00000004         
    5 00000004                 EXPORT           launch
    6 00000004         
    7 00000004                 END                          ; Mark end of file
Command Line: --debug --xref --diag_suppress=9931 --cpu=Cortex-M0+ --apcs=inter
work --depend=.\objects\launch.d -o.\objects\launch.o -IC:\Users\skall\Document
s\GitHub\project-dandelion\devkit\RTE -IC:\Keil_v5\ARM\PACK\ARM\CMSIS\4.5.0\CMS
IS\Include -IC:\Keil_v5\ARM\PACK\Keil\STM32L0xx_DFP\1.4.0\Device\Include --pred
efine="__UVISION_VERSION SETA 517" --predefine="_RTE_ SETA 1" --predefine="STM3
2L053xx SETA 1" --list=.\listings\launch.lst bootloader\src\launch.s



ARM Macro Assembler    Page 1 Alphabetic symbol ordering
Relocatable symbols

launch 00000000

Symbol: launch
   Definitions
      At line 2 in file bootloader\src\launch.s
   Uses
      At line 5 in file bootloader\src\launch.s
Comment: launch used once
subrout 00000000

Symbol: subrout
   Definitions
      At line 1 in file bootloader\src\launch.s
   Uses
      None
Comment: subrout unused
2 symbols
335 symbols in table
